<!DOCTYPE html>
<!-- saved from url=(0107)file:///C:/GRADLE%20Deadlineissoon/build/reports/tests/test/classes/Gradle%2320Test%2320Executor%23206.html -->
<html><head><meta http-equiv="Content-Type" content="text/html; charset=UTF-8">

<meta http-equiv="x-ua-compatible" content="IE=edge">
<title>Test results - Class Gradle Test Executor 6</title>
<link href="./Test results - Class Gradle Test Executor 6_files/base-style.css" rel="stylesheet" type="text/css">
<link href="./Test results - Class Gradle Test Executor 6_files/style.css" rel="stylesheet" type="text/css">
<script src="./Test results - Class Gradle Test Executor 6_files/report.js.Без названия" type="text/javascript"></script>
</head>
<body>
<div id="content">
<h1>Class Gradle Test Executor 6</h1>
<div class="breadcrumbs">
<a href="file:///C:/GRADLE%20Deadlineissoon/build/reports/tests/test/index.html">all</a> &gt; 
<a href="file:///C:/GRADLE%20Deadlineissoon/build/reports/tests/test/packages/default-package.html">default-package</a> &gt; Gradle Test Executor 6</div>
<div id="summary">
<table>
<tbody><tr>
<td>
<div class="summaryGroup">
<table>
<tbody><tr>
<td>
<div class="infoBox" id="tests">
<div class="counter">1</div>
<p>tests</p>
</div>
</td>
<td>
<div class="infoBox" id="failures">
<div class="counter">1</div>
<p>failures</p>
</div>
</td>
<td>
<div class="infoBox" id="ignored">
<div class="counter">0</div>
<p>ignored</p>
</div>
</td>
<td>
<div class="infoBox" id="duration">
<div class="counter">0.211s</div>
<p>duration</p>
</div>
</td>
</tr>
</tbody></table>
</div>
</td>
<td>
<div class="infoBox failures" id="successRate">
<div class="percent">0%</div>
<p>successful</p>
</div>
</td>
</tr>
</tbody></table>
</div>
<div id="tabs">
<ul class="tabLinks">
<li class="selected"><h2>Failed tests</h2></li>
<li class="deselected"><a id="ltab1" href="file:///C:/GRADLE%20Deadlineissoon/build/reports/tests/test/classes/Gradle%2320Test%2320Executor%23206.html#tab1">Tests</a></li>
</ul>
<div id="tab0" class="tab selected">

<div class="test">
<a name="failed to execute tests"></a>
<h3 class="failures">failed to execute tests</h3>
<span class="code">
<pre>org.gradle.api.internal.tasks.testing.TestSuiteExecutionException: Could not complete execution for Gradle Test Executor 6.
	at org.gradle.api.internal.tasks.testing.SuiteTestClassProcessor.stop(SuiteTestClassProcessor.java:63)
	at java.base/jdk.internal.reflect.NativeMethodAccessorImpl.invoke0(Native Method)
	at java.base/jdk.internal.reflect.NativeMethodAccessorImpl.invoke(NativeMethodAccessorImpl.java:62)
	at java.base/jdk.internal.reflect.DelegatingMethodAccessorImpl.invoke(DelegatingMethodAccessorImpl.java:43)
	at java.base/java.lang.reflect.Method.invoke(Method.java:566)
	at org.gradle.internal.dispatch.ReflectionDispatch.dispatch(ReflectionDispatch.java:36)
	at org.gradle.internal.dispatch.ReflectionDispatch.dispatch(ReflectionDispatch.java:24)
	at org.gradle.internal.dispatch.ContextClassLoaderDispatch.dispatch(ContextClassLoaderDispatch.java:33)
	at org.gradle.internal.dispatch.ProxyDispatchAdapter$DispatchingInvocationHandler.invoke(ProxyDispatchAdapter.java:94)
	at com.sun.proxy.$Proxy2.stop(Unknown Source)
	at org.gradle.api.internal.tasks.testing.worker.TestWorker.stop(TestWorker.java:135)
	at java.base/jdk.internal.reflect.NativeMethodAccessorImpl.invoke0(Native Method)
	at java.base/jdk.internal.reflect.NativeMethodAccessorImpl.invoke(NativeMethodAccessorImpl.java:62)
	at java.base/jdk.internal.reflect.DelegatingMethodAccessorImpl.invoke(DelegatingMethodAccessorImpl.java:43)
	at java.base/java.lang.reflect.Method.invoke(Method.java:566)
	at org.gradle.internal.dispatch.ReflectionDispatch.dispatch(ReflectionDispatch.java:36)
	at org.gradle.internal.dispatch.ReflectionDispatch.dispatch(ReflectionDispatch.java:24)
	at org.gradle.internal.remote.internal.hub.MessageHubBackedObjectConnection$DispatchWrapper.dispatch(MessageHubBackedObjectConnection.java:182)
	at org.gradle.internal.remote.internal.hub.MessageHubBackedObjectConnection$DispatchWrapper.dispatch(MessageHubBackedObjectConnection.java:164)
	at org.gradle.internal.remote.internal.hub.MessageHub$Handler.run(MessageHub.java:414)
	at org.gradle.internal.concurrent.ExecutorPolicy$CatchAndRecordFailures.onExecute(ExecutorPolicy.java:64)
	at org.gradle.internal.concurrent.ManagedExecutorImpl$1.run(ManagedExecutorImpl.java:48)
	at java.base/java.util.concurrent.ThreadPoolExecutor.runWorker(ThreadPoolExecutor.java:1128)
	at java.base/java.util.concurrent.ThreadPoolExecutor$Worker.run(ThreadPoolExecutor.java:628)
	at org.gradle.internal.concurrent.ThreadFactoryImpl$ManagedThreadRunnable.run(ThreadFactoryImpl.java:56)
	at java.base/java.lang.Thread.run(Thread.java:829)
Caused by: org.junit.platform.commons.PreconditionViolationException: Cannot create Launcher without at least one TestEngine; consider adding an engine implementation JAR to the classpath
	at org.junit.platform.commons.util.Preconditions.condition(Preconditions.java:296)
	at org.junit.platform.launcher.core.DefaultLauncher.&lt;init&gt;(DefaultLauncher.java:48)
	at org.junit.platform.launcher.core.LauncherFactory.create(LauncherFactory.java:105)
	at org.junit.platform.launcher.core.LauncherFactory.create(LauncherFactory.java:75)
	at org.gradle.api.internal.tasks.testing.junitplatform.JUnitPlatformTestClassProcessor$CollectAllTestClassesExecutor.processAllTestClasses(JUnitPlatformTestClassProcessor.java:97)
	at org.gradle.api.internal.tasks.testing.junitplatform.JUnitPlatformTestClassProcessor$CollectAllTestClassesExecutor.access$000(JUnitPlatformTestClassProcessor.java:79)
	at org.gradle.api.internal.tasks.testing.junitplatform.JUnitPlatformTestClassProcessor.stop(JUnitPlatformTestClassProcessor.java:75)
	at org.gradle.api.internal.tasks.testing.SuiteTestClassProcessor.stop(SuiteTestClassProcessor.java:61)
	... 25 more
</pre>
</span>
</div>
</div>
<div id="tab1" class="tab deselected">

<table>
<thead>
<tr>
<th>Test</th>
<th>Duration</th>
<th>Result</th>
</tr>
</thead>
<tbody><tr>
<td class="failures">failed to execute tests</td>
<td class="failures">0.211s</td>
<td class="failures">failed</td>
</tr>
</tbody></table>
</div>
</div>
<div id="footer">
<p>
</p><div>
<label class="" id="label-for-line-wrapping-toggle" for="line-wrapping-toggle">Wrap lines
<input id="line-wrapping-toggle" type="checkbox" autocomplete="off">
</label>
</div>Generated by 
<a href="http://www.gradle.org/">Gradle 7.1</a> at 11 янв. 2022 г., 22:50:02<p></p>
</div>
</div>


</body></html>